abs/abs_1.js,OK
abstract-leveldown/abstract-leveldown_1.js,OK
accept-language-parser/accept-language-parser_1.js,OK
accepts/accepts_1.js,OK
accepts/accepts_4.js,NOK
actions-on-google/actions-on-google_1.js,NOK
actions-on-google/actions-on-google_31.js,NOK
actions-on-google/actions-on-google_59.js,NOK
add-zero/add-zero_1.js,OK
aes-js/aes-js_21.js,OK
agent-base/agent-base_1.js,NOK
ali-oss/ali-oss_1.js,NOK
ali-oss/ali-oss_10.js,NOK
almost-equal/almost-equal_1.js,OK
alt/alt_86.js,OK
amazon-product-api/amazon-product-api_1.js,NOK
amplify/amplify_1.js,OK
amqplib/amqplib_41.js,NOK
ansi-colors/ansi-colors_1.js,NOK
ansi-escape-sequences/ansi-escape-sequences_1.js,NOK
ansi-escape-sequences/ansi-escape-sequences_24.js,NOK
ansicolors/ansicolors_22.js,OK
app-module-path/app-module-path_25.js,NOK
app-module-path/app-module-path_38.js,NOK
app-module-path/app-module-path_6.js,OK
app-root-dir/app-root-dir_1.js,OK
aqb/aqb_1.js,OK
argparse/argparse_1.js,OK
arr-diff/arr-diff_1.js,OK
arr-union/arr-union_1.js,OK
array-foreach/array-foreach_1.js,OK
array-foreach/array-foreach_9.js,OK
array-sort/array-sort_1.js,OK
array-sort/array-sort_14.js,OK
array-sort/array-sort_29.js,OK
array-unique/array-unique_1.js,OK
array.prototype.flatmap/array.prototype.flatmap_1.js,NOK
asana/asana_1.js,NOK
asana/asana_61.js,NOK
asenv/asenv_1.js,NOK
assert/assert_1.js,OK
assert/assert_4.js,OK
assert-plus/assert-plus_1.js,OK
astring/astring_4.js,NOK
async-polling/async-polling_1.js,OK
atlassian-crowd-client/atlassian-crowd-client_1.js,NOK
auth0/auth0_1.js,NOK
auth0/auth0_17.js,NOK
auth0/auth0_26.js,NOK
auth0/auth0_9.js,NOK
auto-launch/auto-launch_1.js,NOK
autolinker/autolinker_1.js,OK
autoprefixer/autoprefixer_26.js,NOK
autoprefixer/autoprefixer_49.js,NOK
autosuggest-highlight/autosuggest-highlight_1.js,OK
autosuggest-highlight/autosuggest-highlight_43.js,OK
aws4/aws4_1.js,NOK
axel/axel_1.js,NOK
axel/axel_112.js,NOK
axel/axel_13.js,NOK
axel/axel_38.js,NOK
axel/axel_53.js,NOK
axel/axel_73.js,NOK
axel/axel_95.js,NOK
b64-lite/b64-lite_1.js,OK
b_/b__1.js,OK
b_/b__14.js,OK
b_/b__27.js,OK
b_/b__34.js,OK
babel-webpack-plugin/babel-webpack-plugin_1.js,NOK
babylon-walk/babylon-walk_1.js,NOK
badgen/badgen_1.js,NOK
bagpipes/bagpipes_1.js,NOK
balanced-match/balanced-match_1.js,OK
barcode/barcode_1.js,NOK
base-64/base-64_1.js,OK
bash-glob/bash-glob_12.js,NOK
bash-glob/bash-glob_19.js,OK
bash-glob/bash-glob_5.js,NOK
basic-auth/basic-auth_1.js,OK
bcrypt/bcrypt_1.js,NOK
bcrypt/bcrypt_55.js,NOK
bcryptjs/bcryptjs_15.js,NOK
benchmark/benchmark_11.js,OK
bencode/bencode_1.js,NOK
better-queue/better-queue_1.js,NOK
big.js/big.js_1.js,OK
binary-parser/binary-parser_1.js,NOK
bind-ponyfill/bind-ponyfill_1.js,OK
bintrees/bintrees_1.js,OK
bitwise-xor/bitwise-xor_1.js,OK
bl/bl_1.js,NOK
bl/bl_50.js,NOK
bl/bl_62.js,NOK
bn.js/bn.js_1.js,OK
body-parser/body-parser_1.js,NOK
boolify-string/boolify-string_6.js,OK
brace-expansion/brace-expansion_1.js,NOK
brace-expansion/brace-expansion_34.js,OK
braces/braces_1.js,NOK
braces/braces_116.js,NOK
bro-fs/bro-fs_1.js,NOK
broccoli-plugin/broccoli-plugin_1.js,NOK
browser-bunyan/browser-bunyan_146.js,NOK
browser-bunyan/browser-bunyan_6.js,NOK
browser-bunyan/browser-bunyan_98.js,NOK
browserslist/browserslist_70.js,OK
bs58/bs58_1.js,OK
bs58/bs58_9.js,OK
bson/bson_1.js,NOK
bson/bson_15.js,NOK
buffer-compare/buffer-compare_1.js,OK
buffer-crc32/buffer-crc32_1.js,OK
bufferstream/bufferstream_1.js,NOK
bufferstream/bufferstream_50.js,OK
bufferstream/bufferstream_53.js,NOK
build-output-script/build-output-script_1.js,NOK
bump-regex/bump-regex_1.js,OK
bunyan/bunyan_1.js,OK
bunyan/bunyan_6.js,OK
bunyan/bunyan_82.js,OK
burns/burns_1.js,NOK
bwip-js/bwip-js_77.js,NOK
byte-range/byte-range_1.js,NOK
bytebuffer/bytebuffer_1.js,OK
cache-manager/cache-manager_25.js,NOK
caller/caller_18.js,OK
caller/caller_42.js,OK
caller/caller_6.js,OK
camljs/camljs_1.js,NOK
camo/camo_1.js,NOK
camo/camo_10.js,NOK
caniuse-api/caniuse-api_1.js,NOK
capture-console/capture-console_1.js,NOK
capture-console/capture-console_19.js,NOK
card-validator/card-validator_1.js,OK
cassandra-driver/cassandra-driver_1.js,NOK
cassanknex/cassanknex_215.js,NOK
cassanknex/cassanknex_234.js,NOK
cbor/cbor_1.js,NOK
centra/centra_1.js,NOK
chai/chai_1.js,NOK
chai/chai_7.js,NOK
chai-datetime/chai-datetime_1.js,NOK
changelog-parser/changelog-parser_1.js,OK
charset/charset_1.js,NOK
chartmogul-node/chartmogul-node_1.js,NOK
chartmogul-node/chartmogul-node_10.js,NOK
chartmogul-node/chartmogul-node_163.js,NOK
checkstyle-formatter/checkstyle-formatter_1.js,OK
child-process-promise/child-process-promise_1.js,NOK
child-process-promise/child-process-promise_15.js,NOK
child-process-promise/child-process-promise_37.js,NOK
chmodr/chmodr_1.js,NOK
chordsheetjs/chordsheetjs_4.js,NOK
chromedriver/chromedriver_22.js,NOK
circular-dependency-plugin/circular-dependency-plugin_1.js,NOK
circular-dependency-plugin/circular-dependency-plugin_22.js,NOK
circular-dependency-plugin/circular-dependency-plugin_48.js,NOK
circular-json/circular-json_1.js,OK
classnames/classnames_1.js,OK
classnames/classnames_59.js,OK
classnames/classnames_65.js,OK
cldrjs/cldrjs_134.js,OK
clean-css/clean-css_1.js,NOK
cli-box/cli-box_1.js,NOK
cli-color/cli-color_1.js,OK
cli-progress/cli-progress_1.js,NOK
cli-progress/cli-progress_77.js,OK
cli-table/cli-table_18.js,NOK
cli-table2/cli-table2_1.js,NOK
cli-table2/cli-table2_18.js,NOK
cli-table2/cli-table2_29.js,NOK
clone-deep/clone-deep_1.js,NOK
cls-hooked/cls-hooked_32.js,NOK
clui/clui_1.js,NOK
clui/clui_46.js,NOK
clui/clui_69.js,NOK
clui/clui_82.js,NOK
clui/clui_88.js,NOK
collectionsjs/collectionsjs_9.js,OK
color/color_9.js,NOK
color-convert/color-convert_1.js,NOK
color-convert/color-convert_11.js,NOK
color-convert/color-convert_22.js,NOK
color-diff/color-diff_1.js,OK
color-name/color-name_1.js,OK
color-namer/color-namer_1.js,NOK
color-support/color-support_1.js,OK
color-support/color-support_17.js,OK
colorbrewer/colorbrewer_1.js,OK
combokeys/combokeys_1.js,OK
command-exists/command-exists_1.js,NOK
command-exists/command-exists_12.js,NOK
command-exists/command-exists_23.js,NOK
command-line-commands/command-line-commands_1.js,NOK
command-line-commands/command-line-commands_38.js,OK
command-line-usage/command-line-usage_1.js,NOK
compare-func/compare-func_1.js,NOK
complex/complex_1.js,OK
complex.js/complex.js_1.js,NOK
compressible/compressible_1.js,OK
compression/compression_1.js,OK
confidence/confidence_1.js,NOK
connect/connect_71.js,OK
connect-history-api-fallback/connect-history-api-fallback_1.js,OK
connect-modrewrite/connect-modrewrite_1.js,OK
consola/consola_1.js,NOK
console-log-level/console-log-level_1.js,NOK
console-log-level/console-log-level_11.js,OK
console-stamp/console-stamp_108.js,OK
console-stamp/console-stamp_14.js,OK
console-stamp/console-stamp_32.js,NOK
console-stamp/console-stamp_87.js,OK
console-ui/console-ui_1.js,NOK
contains-path/contains-path_1.js,OK
content-disposition/content-disposition_1.js,OK
content-range/content-range_1.js,OK
content-type/content-type_1.js,OK
continuation-local-storage/continuation-local-storage_32.js,NOK
convert-layout/convert-layout_8.js,OK
convert-source-map/convert-source-map_1.js,OK
cookie/cookie_1.js,OK
copy/copy_1.js,NOK
copy-paste/copy-paste_1.js,OK
copy-webpack-plugin/copy-webpack-plugin_1.js,NOK
cote/cote_17.js,NOK
counterpart/counterpart_1.js,NOK
countries-and-timezones/countries-and-timezones_104.js,OK
countries-and-timezones/countries-and-timezones_132.js,OK
countries-and-timezones/countries-and-timezones_29.js,OK
countries-and-timezones/countries-and-timezones_46.js,OK
countries-and-timezones/countries-and-timezones_74.js,OK
cpx/cpx_1.js,NOK
crc/crc_11.js,NOK
create-hash/create-hash_1.js,NOK
create-hmac/create-hmac_1.js,NOK
create-xpub/create-xpub_1.js,NOK
create-xpub/create-xpub_12.js,NOK
credential/credential_1.js,NOK
credential/credential_11.js,NOK
credit-card-type/credit-card-type_1.js,OK
credit-card-type/credit-card-type_22.js,OK
cross-spawn/cross-spawn_1.js,NOK
crypto-js/crypto-js_38.js,NOK
crypto-js/crypto-js_50.js,NOK
crypto-js/crypto-js_7.js,NOK
cryptr/cryptr_1.js,NOK
csprng/csprng_1.js,NOK
csrf/csrf_1.js,NOK
css-modules-require-hook/css-modules-require-hook_1.js,NOK
css-modules-require-hook/css-modules-require-hook_16.js,NOK
css-modules-require-hook/css-modules-require-hook_46.js,NOK
css-modules-require-hook/css-modules-require-hook_68.js,NOK
css-tree/css-tree_1.js,NOK
cssesc/cssesc_1.js,OK
csso/csso_1.js,NOK
csso/csso_9.js,NOK
csurf/csurf_1.js,NOK
cuid/cuid_8.js,NOK
currency-formatter/currency-formatter_1.js,OK
currency-formatter/currency-formatter_13.js,OK
currency-formatter/currency-formatter_58.js,OK
currency-formatter/currency-formatter_64.js,OK
d/d_15.js,OK
d/d_56.js,OK
d3/d3_7.js,NOK
dashify/dashify_1.js,NOK
datadog-metrics/datadog-metrics_23.js,OK
date-and-time/date-and-time_1.js,NOK
dav/dav_14.js,NOK
deasync/deasync_1.js,NOK
deasync/deasync_25.js,OK
debounce-promise/debounce-promise_1.js,NOK
debounce-promise/debounce-promise_23.js,NOK
debounce-promise/debounce-promise_43.js,NOK
debug/debug_110.js,NOK
debug/debug_42.js,NOK
debug/debug_68.js,NOK
debug/debug_87.js,NOK
debug/debug_98.js,NOK
decode-entities/decode-entities_1.js,NOK
deep-extend/deep-extend_1.js,OK
defaults-deep/defaults-deep_1.js,NOK
defer-promise/defer-promise_15.js,OK
delete-empty/delete-empty_1.js,NOK
dependency-tree/dependency-tree_1.js,NOK
destroy/destroy_1.js,OK
destroy-on-hwm/destroy-on-hwm_1.js,OK
dev-ip/dev-ip_1.js,NOK
diacritics/diacritics_1.js,OK
diff2html/diff2html_8.js,NOK
dinero.js/dinero.js_4.js,OK
dirname-regex/dirname-regex_1.js,OK
discourse-sso/discourse-sso_1.js,NOK
distributions/distributions_1.js,NOK
djv/djv_24.js,NOK
doctrine/doctrine_1.js,OK
doge-seed/doge-seed_1.js,NOK
dot-object/dot-object_194.js,OK
dotdir-regex/dotdir-regex_1.js,OK
dotenv/dotenv_1.js,NOK
dotenv/dotenv_10.js,NOK
dotenv/dotenv_13.js,NOK
dotenv/dotenv_16.js,NOK
dotenv/dotenv_19.js,NOK
dotenv/dotenv_25.js,NOK
dotenv-flow/dotenv-flow_1.js,NOK
dotenv-flow/dotenv-flow_15.js,NOK
dotenv-flow/dotenv-flow_20.js,NOK
dotenv-flow/dotenv-flow_25.js,NOK
dotenv-flow/dotenv-flow_30.js,NOK
dotenv-flow/dotenv-flow_35.js,NOK
dotenv-flow/dotenv-flow_4.js,NOK
dotenv-flow/dotenv-flow_41.js,NOK
dotenv-flow/dotenv-flow_46.js,NOK
dotenv-flow/dotenv-flow_51.js,NOK
dotenv-flow/dotenv-flow_56.js,NOK
dotfile-regex/dotfile-regex_1.js,OK
double-ended-queue/double-ended-queue_1.js,OK
duplexer2/duplexer2_1.js,NOK
duplexer3/duplexer3_1.js,NOK
duplicate-package-checker-webpack-plugin/duplicate-package-checker-webpack-plugin_1.js,NOK
dynogels/dynogels_5.js,NOK
dynogels/dynogels_9.js,NOK
each/each_104.js,NOK
each/each_116.js,NOK
each/each_45.js,NOK
each/each_70.js,NOK
each/each_80.js,NOK
each/each_92.js,NOK
eases/eases_1.js,OK
eases/eases_8.js,OK
easydate/easydate_1.js,OK
ee-first/ee-first_1.js,OK
ejs/ejs_13.js,NOK
ejs/ejs_31.js,NOK
electron-winstaller/electron-winstaller_1.js,NOK
element-resize-detector/element-resize-detector_1.js,OK
elementtree/elementtree_1.js,OK
elliptic/elliptic_1.js,NOK
elliptic/elliptic_79.js,NOK
elliptic/elliptic_94.js,NOK
elv/elv_1.js,NOK
elv/elv_103.js,NOK
elv/elv_16.js,NOK
elv/elv_25.js,NOK
elv/elv_34.js,NOK
elv/elv_43.js,NOK
elv/elv_52.js,NOK
elv/elv_64.js,NOK
elv/elv_80.js,NOK
elv/elv_92.js,NOK
email-templates/email-templates_128.js,NOK
email-templates/email-templates_140.js,NOK
email-templates/email-templates_152.js,NOK
email-templates/email-templates_169.js,NOK
email-templates/email-templates_17.js,NOK
email-templates/email-templates_198.js,NOK
email-templates/email-templates_239.js,NOK
email-templates/email-templates_265.js,NOK
email-templates/email-templates_44.js,NOK
email-templates/email-templates_72.js,NOK
emoji-regex/emoji-regex_1.js,NOK
emoji-regex/emoji-regex_22.js,OK
emoji-regex/emoji-regex_25.js,NOK
empty-dir/empty-dir_1.js,OK
empty-dir/empty-dir_21.js,OK
encodeurl/encodeurl_1.js,OK
encoding-japanese/encoding-japanese_1.js,OK
engine.io-client/engine.io-client_1.js,NOK
engine.io-client/engine.io-client_21.js,NOK
enhanced-resolve/enhanced-resolve_1.js,NOK
errorhandler/errorhandler_1.js,OK
es6-promisify/es6-promisify_1.js,NOK
es6-promisify/es6-promisify_31.js,NOK
es6-shim/es6-shim_1.js,NOK
es6-shim/es6-shim_15.js,NOK
es6-weak-map/es6-weak-map_1.js,OK
es6-weak-map/es6-weak-map_10.js,OK
es6-weak-map/es6-weak-map_4.js,OK
es6-weak-map/es6-weak-map_7.js,OK
escape-html/escape-html_1.js,OK
eslint-visitor-keys/eslint-visitor-keys_1.js,NOK
etag/etag_1.js,NOK
ethereumjs-abi/ethereumjs-abi_41.js,NOK
ethereumjs-tx/ethereumjs-tx_1.js,NOK
event-hooks-webpack-plugin/event-hooks-webpack-plugin_1.js,NOK
event-hooks-webpack-plugin/event-hooks-webpack-plugin_15.js,NOK
event-hooks-webpack-plugin/event-hooks-webpack-plugin_31.js,NOK
event-kit/event-kit_1.js,NOK
event-kit/event-kit_42.js,NOK
event-loop-lag/event-loop-lag_1.js,OK
exceljs/exceljs_1.js,NOK
exenv/exenv_1.js,OK
exif/exif_1.js,OK
expand-tilde/expand-tilde_1.js,OK
expect.js/expect.js_8.js,OK
expired/expired_34.js,NOK
express-handlebars/express-handlebars_68.js,NOK
express-session/express-session_1.js,NOK
express-unless/express-unless_10.js,OK
express-useragent/express-useragent_14.js,OK
f1/f1_114.js,OK
f1/f1_122.js,OK
f1/f1_55.js,OK
f1/f1_81.js,OK
factory-girl/factory-girl_123.js,NOK
fancy-log/fancy-log_1.js,NOK
fast-levenshtein/fast-levenshtein_1.js,NOK
fast-levenshtein/fast-levenshtein_7.js,NOK
fast-list/fast-list_1.js,OK
fast-stats/fast-stats_1.js,OK
fast-stats/fast-stats_133.js,OK
fb/fb_229.js,NOK
fbemitter/fbemitter_10.js,NOK
fbemitter/fbemitter_15.js,NOK
feather-icons/feather-icons_1.js,NOK
feedme/feedme_1.js,NOK
ffprobe-static/ffprobe-static_1.js,OK
fhir/fhir_1.js,NOK
fibers/fibers_1.js,NOK
fibers/fibers_107.js,NOK
fibers/fibers_19.js,NOK
fibers/fibers_33.js,NOK
fibers/fibers_60.js,NOK
fibers/fibers_83.js,NOK
field/field_34.js,OK
field/field_46.js,OK
figlet/figlet_1.js,NOK
finalhandler/finalhandler_1.js,OK
find/find_1.js,NOK
find-down/find-down_1.js,NOK
find-package-json/find-package-json_1.js,OK
find-parent-dir/find-parent-dir_1.js,OK
find-process/find-process_1.js,NOK
find-process/find-process_11.js,NOK
find-process/find-process_23.js,NOK
find-process/find-process_33.js,NOK
fined/fined_1.js,OK
firebase-client/firebase-client_1.js,NOK
firebase-token-generator/firebase-token-generator_1.js,NOK
firebase-token-generator/firebase-token-generator_6.js,NOK
flake-idgen/flake-idgen_1.js,OK
flake-idgen/flake-idgen_21.js,OK
flake-idgen/flake-idgen_30.js,OK
flake-idgen/flake-idgen_9.js,OK
flightplan/flightplan_1.js,NOK
flightplan/flightplan_58.js,NOK
fluent-ffmpeg/fluent-ffmpeg_1.js,NOK
fluent-ffmpeg/fluent-ffmpeg_5.js,NOK
flux/flux_1.js,OK
fnv-lite/fnv-lite_1.js,OK
follow-redirects/follow-redirects_1.js,OK
follow-redirects/follow-redirects_22.js,OK
follow-redirects/follow-redirects_41.js,OK
fontfaceobserver/fontfaceobserver_91.js,NOK
format-duration/format-duration_1.js,OK
format-io/format-io_1.js,NOK
format-util/format-util_1.js,OK
forms/forms_1.js,NOK
forwarded/forwarded_1.js,OK
fossil-delta/fossil-delta_1.js,OK
framebus/framebus_9.js,OK
fresh/fresh_1.js,OK
fromjs/fromjs_1.js,OK
fromnow/fromnow_1.js,OK
fs-extra/fs-extra_1.js,OK
fs-extra/fs-extra_10.js,NOK
fs-extra/fs-extra_14.js,NOK
fs-extra/fs-extra_4.js,NOK
fs-extra/fs-extra_7.js,NOK
fs-extra-promise/fs-extra-promise_22.js,NOK
fs-readdir-recursive/fs-readdir-recursive_1.js,OK
fs-readfile-promise/fs-readfile-promise_1.js,NOK
fs-readfile-promise/fs-readfile-promise_9.js,NOK
fsevents/fsevents_1.js,NOK
gamedig/gamedig_1.js,NOK
geetest/geetest_1.js,NOK
gen-readlines/gen-readlines_1.js,NOK
generate-changelog/generate-changelog_1.js,NOK
generate-json-webpack-plugin/generate-json-webpack-plugin_1.js,NOK
gently/gently_1.js,OK
gently/gently_41.js,NOK
gently/gently_69.js,NOK
geoip-lite/geoip-lite_53.js,NOK
geopattern/geopattern_9.js,NOK
get-caller-file/get-caller-file_1.js,OK
get-func-name/get-func-name_1.js,OK
get-func-name/get-func-name_4.js,OK
get-value/get-value_1.js,NOK
getopts/getopts_1.js,NOK
getos/getos_1.js,NOK
getpass/getpass_1.js,NOK
gfc/gfc_1.js,NOK
giphy-api/giphy-api_1.js,OK
git-add-remote/git-add-remote_11.js,NOK
git-branch/git-branch_1.js,NOK
git-config-path/git-config-path_1.js,NOK
git-config-path/git-config-path_5.js,NOK
git-repo-name/git-repo-name_1.js,NOK
git-url-parse/git-url-parse_1.js,NOK
git-user-email/git-user-email_1.js,OK
git-user-name/git-user-name_1.js,OK
git-username/git-username_1.js,OK
gitconfiglocal/gitconfiglocal_1.js,NOK
github-url-to-object/github-url-to-object_1.js,OK
gl/gl_1.js,NOK
gl/gl_30.js,NOK
gl-shader/gl-shader_51.js,OK
gl-texture2d/gl-texture2d_47.js,OK
glob-base/glob-base_1.js,OK
glob-parent/glob-parent_1.js,OK
glob-to-regexp/glob-to-regexp_1.js,OK
global-modules/global-modules_1.js,NOK
global-paths/global-paths_1.js,OK
global-prefix/global-prefix_1.js,NOK
global-tunnel-ng/global-tunnel-ng_1.js,NOK
globalize-compiler/globalize-compiler_1.js,NOK
google-libphonenumber/google-libphonenumber_1.js,NOK
google-libphonenumber/google-libphonenumber_100.js,NOK
google-libphonenumber/google-libphonenumber_79.js,NOK
graceful-fs/graceful-fs_8.js,NOK
gradient-string/gradient-string_1.js,NOK
gradient-string/gradient-string_26.js,NOK
gradient-string/gradient-string_32.js,NOK
gregorian-calendar/gregorian-calendar_1.js,NOK
gulp-gh-pages/gulp-gh-pages_7.js,NOK
gulp-remember/gulp-remember_1.js,OK
gulp-sequence/gulp-sequence_56.js,NOK
gun/gun_32.js,OK
gyronorm/gyronorm_1.js,OK
handlebars-helpers/handlebars-helpers_1.js,NOK
handlebars-helpers/handlebars-helpers_14.js,NOK
handlebars-helpers/handlebars-helpers_5.js,NOK
happypack/happypack_1.js,NOK
happypack/happypack_88.js,NOK
harmony-proxy/harmony-proxy_1.js,OK
hash-stream/hash-stream_1.js,NOK
hashids/hashids_10.js,NOK
hashset/hashset_1.js,NOK
hashtag-regex/hashtag-regex_1.js,NOK
hdkey/hdkey_1.js,NOK
he/he_1.js,OK
highland/highland_1.js,OK
hooker/hooker_1.js,OK
howler/howler_4.js,NOK
html-entities/html-entities_1.js,OK
html-entities/html-entities_11.js,OK
html-entities/html-entities_21.js,OK
html-to-text/html-to-text_1.js,NOK
html-to-text/html-to-text_9.js,NOK
html-truncate/html-truncate_14.js,OK
htmlescape/htmlescape_1.js,OK
htmlparser2/htmlparser2_1.js,OK
http-assert/http-assert_1.js,NOK
http-link-header/http-link-header_1.js,NOK
http-proxy-middleware/http-proxy-middleware_18.js,NOK
http-status/http-status_1.js,OK
humanize-duration/humanize-duration_1.js,OK
humanize-ms/humanize-ms_1.js,OK
hummus-recipe/hummus-recipe_22.js,NOK
i18n-js/i18n-js_19.js,OK
iban/iban_1.js,OK
icepick/icepick_1.js,NOK
icon-gen/icon-gen_1.js,NOK
iferr/iferr_1.js,NOK
iferr/iferr_12.js,NOK
ignore-styles/ignore-styles_11.js,NOK
ignore-styles/ignore-styles_4.js,OK
iltorb/iltorb_41.js,NOK
iltorb/iltorb_50.js,NOK
imap/imap_1.js,NOK
imap-simple/imap-simple_1.js,NOK
imap-simple/imap-simple_112.js,NOK
imap-simple/imap-simple_169.js,NOK
in-app-purchase/in-app-purchase_1.js,NOK
indefinite/indefinite_1.js,NOK
inflation/inflation_1.js,OK
inflected/inflected_1.js,OK
inherits/inherits_1.js,OK
intl-locales-supported/intl-locales-supported_1.js,NOK
intl-messageformat/intl-messageformat_34.js,OK
intl-messageformat/intl-messageformat_39.js,OK
ip/ip_1.js,OK
ip-address/ip-address_1.js,NOK
ipcheck/ipcheck_1.js,OK
ipcheck/ipcheck_5.js,OK
is-absolute/is-absolute_1.js,OK
is-absolute/is-absolute_17.js,OK
is-buffer/is-buffer_1.js,OK
is-ci/is-ci_1.js,OK
is-dotdir/is-dotdir_1.js,OK
is-dotfile/is-dotfile_1.js,OK
is-git-url/is-git-url_1.js,OK
is-glob/is-glob_1.js,OK
is-integer/is-integer_1.js,OK
is-mobile/is-mobile_1.js,OK
is-my-json-valid/is-my-json-valid_1.js,NOK
is-negated-glob/is-negated-glob_1.js,OK
is-number/is-number_7.js,OK
is-object/is-object_1.js,OK
is-odd/is-odd_1.js,NOK
is-relative/is-relative_1.js,OK
is-running/is-running_1.js,OK
is-touch-device/is-touch-device_1.js,OK
is-trademarked/is-trademarked_1.js,NOK
is-unc-path/is-unc-path_1.js,OK
is-uuid/is-uuid_1.js,OK
is-valid-glob/is-valid-glob_1.js,OK
is-valid-path/is-valid-path_1.js,OK
is-windows/is-windows_1.js,OK
isarray/isarray_1.js,OK
isbn-utils/isbn-utils_1.js,OK
iso8601-localizer/iso8601-localizer_30.js,OK
issue-parser/issue-parser_1.js,NOK
issue-parser/issue-parser_17.js,NOK
issue-parser/issue-parser_36.js,NOK
issue-parser/issue-parser_51.js,NOK
issue-parser/issue-parser_70.js,NOK
issue-parser/issue-parser_85.js,NOK
istanbul/istanbul_1.js,NOK
istanbul-middleware/istanbul-middleware_62.js,OK
jalaali-js/jalaali-js_1.js,OK
jalaali-js/jalaali-js_4.js,OK
javascript-obfuscator/javascript-obfuscator_1.js,NOK
javascript-state-machine/javascript-state-machine_1.js,OK
jest-axe/jest-axe_58.js,NOK
johnny-five/johnny-five_1.js,NOK
jquery-param/jquery-param_1.js,NOK
js-base64/js-base64_7.js,NOK
js-beautify/js-beautify_67.js,OK
js-git/js-git_1.js,NOK
js-levenshtein/js-levenshtein_1.js,OK
js-money/js-money_1.js,OK
js-string-escape/js-string-escape_1.js,OK
js-to-java/js-to-java_1.js,OK
jsbn/jsbn_1.js,OK
jsdom/jsdom_1.js,NOK
jsen/jsen_1.js,NOK
jsend/jsend_63.js,OK
jsend/jsend_84.js,OK
jsesc/jsesc_1.js,NOK
json-query/json-query_1.js,OK
json-stringify-safe/json-stringify-safe_1.js,OK
json2csv/json2csv_147.js,NOK
json2csv/json2csv_197.js,NOK
json2csv/json2csv_22.js,NOK
json2csv/json2csv_248.js,NOK
json2csv/json2csv_277.js,NOK
json2csv/json2csv_8.js,NOK
json2md/json2md_1.js,OK
json2mq/json2mq_1.js,OK
json5/json5_15.js,NOK
json5/json5_18.js,NOK
json_ml/json_ml_1.js,NOK
jsonapi-serializer/jsonapi-serializer_68.js,OK
jsonata/jsonata_1.js,NOK
jsonfile/jsonfile_1.js,NOK
jsonfile/jsonfile_22.js,NOK
jsonfile/jsonfile_32.js,NOK
jsonfile/jsonfile_44.js,NOK
jsonfile/jsonfile_54.js,NOK
jsonfile/jsonfile_64.js,NOK
jsonfile/jsonfile_74.js,NOK
jsonfile/jsonfile_82.js,NOK
jsonfile/jsonfile_9.js,NOK
jsonfile/jsonfile_90.js,NOK
jsonfile/jsonfile_98.js,NOK
jsonld/jsonld_1.js,NOK
jsonminify/jsonminify_1.js,OK
jsonpath/jsonpath_1.js,OK
jsontoxml/jsontoxml_1.js,OK
jsonwebtoken/jsonwebtoken_1.js,NOK
jsonwebtoken-promisified/jsonwebtoken-promisified_1.js,NOK
jsreport-core/jsreport-core_1.js,NOK
jsreport-core/jsreport-core_146.js,NOK
jsreport-core/jsreport-core_53.js,NOK
jsreport-core/jsreport-core_80.js,NOK
jsrp/jsrp_1.js,NOK
jwt-simple/jwt-simple_1.js,NOK
kafkajs/kafkajs_1.js,NOK
keen-tracking/keen-tracking_226.js,NOK
keygrip/keygrip_9.js,NOK
keymirror/keymirror_1.js,OK
keytar/keytar_1.js,NOK
klaw/klaw_22.js,NOK
klaw-sync/klaw-sync_7.js,NOK
koa-better-body/koa-better-body_1.js,NOK
koa-bunyan-logger/koa-bunyan-logger_155.js,NOK
koa-hbs/koa-hbs_20.js,NOK
koa-joi-router/koa-joi-router_145.js,NOK
koa-joi-router/koa-joi-router_177.js,NOK
koa-joi-router/koa-joi-router_96.js,NOK
koa-log/koa-log_1.js,NOK
koa-log4/koa-log4_1.js,NOK
kramed/kramed_1.js,NOK
kramed/kramed_21.js,OK
kramed/kramed_6.js,NOK
lambda-log/lambda-log_1.js,NOK
lambda-log/lambda-log_135.js,NOK
lambda-log/lambda-log_57.js,NOK
lambda-log/lambda-log_67.js,NOK
lasso/lasso_108.js,NOK
lasso/lasso_23.js,NOK
lasso/lasso_80.js,NOK
latinize/latinize_1.js,OK
ldap-filters/ldap-filters_1.js,OK
ldap-filters/ldap-filters_17.js,NOK
ldap-filters/ldap-filters_27.js,NOK
level-codec/level-codec_1.js,OK
libsodium-wrappers/libsodium-wrappers_1.js,NOK
libxmljs/libxmljs_1.js,NOK
license-checker/license-checker_1.js,NOK
liftoff/liftoff_133.js,NOK
lil-uri/lil-uri_1.js,OK
linear-gradient/linear-gradient_1.js,OK
linkifyjs/linkifyjs_24.js,NOK
load-google-maps-api/load-google-maps-api_16.js,NOK
localized-countries/localized-countries_1.js,OK
localized-countries/localized-countries_11.js,OK
localized-countries/localized-countries_16.js,OK
locks/locks_1.js,OK
locutus/locutus_1.js,OK
locutus/locutus_7.js,OK
lodash/lodash_1.js,NOK
logform/logform_1.js,NOK
logform/logform_115.js,NOK
logform/logform_129.js,NOK
logform/logform_14.js,NOK
logform/logform_142.js,NOK
logform/logform_161.js,NOK
logform/logform_175.js,NOK
logform/logform_206.js,NOK
logform/logform_223.js,NOK
logform/logform_237.js,NOK
logform/logform_251.js,NOK
logform/logform_268.js,NOK
logform/logform_33.js,NOK
logform/logform_50.js,NOK
logg/logg_40.js,OK
loglevel/loglevel_1.js,NOK
lolex/lolex_1.js,NOK
lolex/lolex_39.js,NOK
lowdb/lowdb_6.js,NOK
luaparse/luaparse_1.js,NOK
luaparse/luaparse_51.js,OK
lyricist/lyricist_1.js,NOK
magnet-uri/magnet-uri_1.js,NOK
magnet-uri/magnet-uri_37.js,NOK
mailcheck/mailcheck_8.js,OK
mailgen/mailgen_1.js,NOK
mailgun-js/mailgun-js_1.js,NOK
markdown-it/markdown-it_103.js,NOK
markdown-it/markdown-it_16.js,NOK
markdown-it/markdown-it_20.js,OK
markdown-pdf/markdown-pdf_15.js,NOK
markdownlint/markdownlint_101.js,NOK
match-sorter/match-sorter_1.js,NOK
md5-file/md5-file_15.js,NOK
media-typer/media-typer_1.js,OK
mem-fs/mem-fs_1.js,NOK
mem-fs/mem-fs_6.js,NOK
memcached/memcached_9.js,NOK
memoize-one/memoize-one_26.js,OK
memoizee/memoizee_1.js,OK
memoizee/memoizee_111.js,NOK
memoizee/memoizee_130.js,OK
memory-cache/memory-cache_1.js,NOK
merge-stream/merge-stream_1.js,NOK
merge2/merge2_64.js,NOK
mersenne-twister/mersenne-twister_1.js,OK
meshblu/meshblu_74.js,NOK
mess/mess_1.js,OK
methods/methods_1.js,OK
metric-suffix/metric-suffix_1.js,OK
micro/micro_32.js,NOK
micro/micro_48.js,NOK
micro/micro_99.js,NOK
micro-events/micro-events_36.js,OK
micromatch/micromatch_1.js,NOK
micromatch/micromatch_106.js,NOK
micromatch/micromatch_115.js,NOK
micromatch/micromatch_22.js,NOK
micromatch/micromatch_29.js,NOK
micromatch/micromatch_37.js,NOK
micromatch/micromatch_44.js,NOK
micromatch/micromatch_51.js,NOK
micromatch/micromatch_60.js,NOK
micromatch/micromatch_68.js,NOK
micromatch/micromatch_77.js,NOK
micromatch/micromatch_90.js,NOK
microservice-utilities/microservice-utilities_1.js,NOK
millisecond/millisecond_1.js,OK
milliseconds/milliseconds_1.js,OK
mime/mime_1.js,NOK
mime/mime_11.js,NOK
mime/mime_8.js,NOK
mime-db/mime-db_1.js,OK
mime-types/mime-types_1.js,OK
min-document/min-document_1.js,NOK
minimal-bit-array/minimal-bit-array_1.js,OK
minimal-bit-array/minimal-bit-array_10.js,OK
minimatch/minimatch_1.js,NOK
minio/minio_1.js,NOK
minio/minio_12.js,NOK
mitm/mitm_1.js,OK
mixpanel-browser/mixpanel-browser_1.js,OK
mkdirp-promise/mkdirp-promise_1.js,NOK
mock-aws-s3/mock-aws-s3_1.js,NOK
mock-require/mock-require_1.js,NOK
mock-require/mock-require_30.js,NOK
mockdate/mockdate_1.js,OK
modernizr/modernizr_1.js,NOK
modernizr/modernizr_12.js,NOK
modular-scale/modular-scale_1.js,NOK
moment-holiday/moment-holiday_1.js,OK
moment-jalaali/moment-jalaali_1.js,NOK
moment-strftime2/moment-strftime2_1.js,NOK
money-math/money-math_7.js,OK
mongodb-uri/mongodb-uri_1.js,OK
mongodb-uri/mongodb-uri_7.js,OK
mongoose/mongoose_1.js,NOK
mongoose-paginate/mongoose-paginate_55.js,NOK
mongoose-paginate-v2/mongoose-paginate-v2_88.js,OK
mongration/mongration_1.js,NOK
mongration/mongration_107.js,NOK
mongration/mongration_45.js,NOK
mongration/mongration_89.js,NOK
moo/moo_1.js,NOK
moo/moo_26.js,NOK
morgan/morgan_1.js,NOK
mpromise/mpromise_1.js,OK
msgpack-lite/msgpack-lite_1.js,NOK
msgpack-lite/msgpack-lite_12.js,NOK
msgpack-lite/msgpack-lite_27.js,NOK
msgpack-lite/msgpack-lite_37.js,NOK
msgpack-lite/msgpack-lite_49.js,NOK
msgpack-lite/msgpack-lite_65.js,NOK
msgpack5/msgpack5_1.js,NOK
multer-gridfs-storage/multer-gridfs-storage_140.js,NOK
multer-gridfs-storage/multer-gridfs-storage_31.js,NOK
mumath/mumath_1.js,OK
murmurhash/murmurhash_1.js,NOK
murmurhash-js/murmurhash-js_1.js,OK
mv/mv_1.js,OK
mz/mz_16.js,NOK
nanoajax/nanoajax_1.js,OK
nanoid/nanoid_47.js,NOK
nanoid/nanoid_58.js,NOK
nanp/nanp_1.js,OK
natural/natural_1.js,NOK
natural/natural_24.js,NOK
natural/natural_36.js,NOK
natural/natural_45.js,NOK
natural/natural_49.js,NOK
natural/natural_90.js,NOK
natural-compare-lite/natural-compare-lite_1.js,OK
ndarray/ndarray_59.js,OK
nedb-logger/nedb-logger_1.js,NOK
needle/needle_1.js,NOK
negotiator/negotiator_1.js,OK
neo4j/neo4j_1.js,NOK
nested-error-stacks/nested-error-stacks_1.js,OK
nested-error-stacks/nested-error-stacks_11.js,OK
newline-remove/newline-remove_1.js,OK
newman/newman_60.js,NOK
newrelic/newrelic_21.js,NOK
nextgen-events/nextgen-events_1.js,NOK
nextgen-events/nextgen-events_18.js,NOK
nextgen-events/nextgen-events_5.js,NOK
ngeohash/ngeohash_1.js,OK
ngsijs/ngsijs_14.js,NOK
no-scroll/no-scroll_1.js,OK
nock/nock_1.js,NOK
node-cache/node-cache_1.js,NOK
node-cache/node-cache_5.js,NOK
node-calendar/node-calendar_1.js,OK
node-cleanup/node-cleanup_1.js,OK
node-cleanup/node-cleanup_37.js,NOK
node-config-manager/node-config-manager_1.js,NOK
node-crate/node-crate_1.js,NOK
node-crate/node-crate_54.js,NOK
node-cron/node-cron_54.js,NOK
node-cron/node-cron_63.js,NOK
node-cron/node-cron_72.js,NOK
node-dijkstra/node-dijkstra_1.js,NOK
node-dijkstra/node-dijkstra_78.js,NOK
node-dir/node-dir_1.js,OK
node-emoji/node-emoji_1.js,NOK
node-fetch/node-fetch_1.js,NOK
node-forge/node-forge_1.js,NOK
node-forge/node-forge_347.js,NOK
node-forge/node-forge_8.js,NOK
node-gcm/node-gcm_1.js,NOK
node-geocoder/node-geocoder_1.js,NOK
node-hid/node-hid_1.js,NOK
node-hue-api/node-hue-api_22.js,NOK
node-hue-api/node-hue-api_4.js,NOK
node-jose/node-jose_1.js,NOK
node-mailjet/node-mailjet_27.js,NOK
node-notifier/node-notifier_12.js,NOK
node-notifier/node-notifier_140.js,NOK
node-notifier/node-notifier_162.js,NOK
node-notifier/node-notifier_63.js,NOK
node-notifier/node-notifier_94.js,NOK
node-resque/node-resque_168.js,NOK
node-rsa/node-rsa_1.js,NOK
node-sass/node-sass_118.js,NOK
node-sass/node-sass_13.js,NOK
node-schedule/node-schedule_18.js,OK
node-schedule/node-schedule_26.js,OK
node-sprite-generator/node-sprite-generator_1.js,NOK
node-sql-parser/node-sql-parser_1.js,NOK
node-sql-parser/node-sql-parser_16.js,NOK
node-sql-parser/node-sql-parser_21.js,NOK
node-sql-parser/node-sql-parser_28.js,NOK
node-sql-parser/node-sql-parser_35.js,NOK
node-sql-parser/node-sql-parser_42.js,NOK
node-ssdp/node-ssdp_1.js,NOK
node-vault/node-vault_1.js,NOK
nodejs-license-file/nodejs-license-file_1.js,NOK
nodejs-license-file/nodejs-license-file_38.js,NOK
nodejs-license-file/nodejs-license-file_56.js,NOK
nomnom/nomnom_25.js,OK
nomnom/nomnom_59.js,OK
nopt/nopt_1.js,OK
normalize-path/normalize-path_1.js,OK
nssm/nssm_1.js,OK
nssm/nssm_16.js,OK
nssm/nssm_54.js,OK
nssm/nssm_70.js,OK
nssm/nssm_86.js,OK
number-to-words/number-to-words_1.js,OK
number-to-words/number-to-words_18.js,OK
obj-file-parser/obj-file-parser_4.js,OK
object-diff/object-diff_15.js,OK
object-keys/object-keys_1.js,OK
object-keys/object-keys_4.js,OK
object-map/object-map_1.js,OK
object-path/object-path_1.js,OK
object-path/object-path_90.js,OK
object-path/object-path_94.js,OK
object.getownpropertydescriptors/object.getownpropertydescriptors_1.js,NOK
object.omit/object.omit_1.js,OK
object.pick/object.pick_1.js,OK
oibackoff/oibackoff_1.js,OK
oibackoff/oibackoff_42.js,OK
oja/oja_1.js,NOK
oja/oja_45.js,NOK
oja/oja_5.js,NOK
omit-empty/omit-empty_1.js,NOK
on-finished/on-finished_1.js,OK
on-headers/on-headers_1.js,OK
once/once_1.js,OK
once/once_22.js,OK
one-time/one-time_1.js,OK
onionoo/onionoo_1.js,NOK
onionoo/onionoo_34.js,NOK
onionoo/onionoo_49.js,NOK
opener/opener_1.js,OK
openstack-wrapper/openstack-wrapper_1.js,NOK
openstack-wrapper/openstack-wrapper_40.js,NOK
openstack-wrapper/openstack-wrapper_62.js,NOK
openstack-wrapper/openstack-wrapper_81.js,NOK
orchestrator/orchestrator_1.js,OK
original/original_1.js,OK
owasp-password-strength-test/owasp-password-strength-test_1.js,OK
owasp-password-strength-test/owasp-password-strength-test_49.js,OK
owasp-password-strength-test/owasp-password-strength-test_62.js,OK
p2/p2_60.js,OK
pako/pako_38.js,NOK
parse/parse_1.js,NOK
parse/parse_4.js,NOK
parse-filepath/parse-filepath_5.js,OK
parse-git-config/parse-git-config_1.js,NOK
parse-git-config/parse-git-config_45.js,NOK
parse-git-config/parse-git-config_62.js,NOK
parse-github-url/parse-github-url_1.js,OK
parse-glob/parse-glob_1.js,NOK
parse-link-header/parse-link-header_1.js,NOK
parse-numeric-range/parse-numeric-range_1.js,NOK
parse-passwd/parse-passwd_1.js,OK
parse-torrent/parse-torrent_81.js,NOK
parse-unit/parse-unit_1.js,OK
parseurl/parseurl_1.js,OK
password-hash-and-salt/password-hash-and-salt_1.js,NOK
path-is-inside/path-is-inside_1.js,OK
path-parse/path-parse_1.js,OK
path-regex/path-regex_1.js,OK
pathfinding/pathfinding_1.js,OK
pause/pause_1.js,OK
pem/pem_32.js,NOK
pg-format/pg-format_1.js,OK
pg-format/pg-format_11.js,OK
pg-format/pg-format_22.js,OK
pg-format/pg-format_6.js,OK
pg-pool/pg-pool_212.js,OK
phantom/phantom_1.js,NOK
phin/phin_10.js,NOK
phone/phone_1.js,OK
phone-formatter/phone-formatter_1.js,OK
pick-weight/pick-weight_1.js,OK
pino/pino_1.js,NOK
pino-http/pino-http_106.js,NOK
pinyin/pinyin_17.js,NOK
platform/platform_4.js,OK
playmusic/playmusic_1.js,NOK
playmusic/playmusic_17.js,NOK
playmusic/playmusic_9.js,NOK
plugin-error/plugin-error_1.js,OK
polygons-intersect/polygons-intersect_1.js,NOK
portscanner/portscanner_1.js,NOK
pouchdb-http/pouchdb-http_1.js,NOK
power-assert/power-assert_48.js,NOK
pretty-hrtime/pretty-hrtime_1.js,OK
pretty-time/pretty-time_1.js,NOK
prettyjson/prettyjson_1.js,NOK
prettyjson/prettyjson_17.js,NOK
procfs-stats/procfs-stats_1.js,OK
proclaim/proclaim_5.js,OK
promise-dag/promise-dag_1.js,OK
promise-polyfill/promise-polyfill_7.js,OK
promise-retry/promise-retry_1.js,OK
promise.prototype.finally/promise.prototype.finally_1.js,NOK
proper-lockfile/proper-lockfile_1.js,NOK
proper-lockfile/proper-lockfile_20.js,NOK
proper-lockfile/proper-lockfile_31.js,NOK
protractor-browser-logs/protractor-browser-logs_89.js,OK
proxy-addr/proxy-addr_1.js,OK
proxyquire/proxyquire_139.js,OK
proxyquire/proxyquire_38.js,NOK
proxyquire/proxyquire_74.js,OK
pseudo-audio-param/pseudo-audio-param_1.js,NOK
psl/psl_1.js,NOK
psl/psl_25.js,NOK
psl/psl_70.js,NOK
punycode/punycode_1.js,OK
puppeteer/puppeteer_1.js,NOK
puppeteer/puppeteer_13.js,NOK
puppeteer/puppeteer_25.js,NOK
pusher-js/pusher-js_4.js,NOK
python-shell/python-shell_1.js,NOK
qr-image/qr-image_1.js,OK
qrcode/qrcode_11.js,OK
qrcode/qrcode_49.js,OK
qrcode-svg/qrcode-svg_1.js,NOK
qrcode-svg/qrcode-svg_29.js,NOK
qs/qs_1.js,NOK
querystringify/querystringify_1.js,OK
quoted-printable/quoted-printable_1.js,OK
r-script/r-script_1.js,OK
rabbitmq-schema/rabbitmq-schema_111.js,NOK
rabbitmq-schema/rabbitmq-schema_56.js,NOK
radix64/radix64_1.js,OK
radix64/radix64_6.js,OK
raf/raf_9.js,OK
ramda/ramda_1.js,OK
random-js/random-js_44.js,NOK
random-seed/random-seed_1.js,OK
random-seed/random-seed_20.js,OK
random-seed/random-seed_23.js,OK
random-seed/random-seed_27.js,OK
random-seed/random-seed_35.js,OK
random-seed/random-seed_40.js,OK
random-seed/random-seed_46.js,OK
random-seed/random-seed_5.js,OK
random-string/random-string_1.js,OK
randombytes/randombytes_1.js,NOK
randomcolor/randomcolor_4.js,OK
randomstring/randomstring_1.js,NOK
range-parser/range-parser_1.js,OK
raygun/raygun_25.js,NOK
rbac-a/rbac-a_60.js,NOK
react-app/react-app_37.js,NOK
react-better-password/react-better-password_4.js,NOK
react-cartographer/react-cartographer_1.js,NOK
react-native-uuid/react-native-uuid_1.js,NOK
readable-stream/readable-stream_1.js,NOK
readdir-enhanced/readdir-enhanced_102.js,NOK
readdir-enhanced/readdir-enhanced_114.js,NOK
readdir-enhanced/readdir-enhanced_130.js,NOK
readdir-enhanced/readdir-enhanced_151.js,NOK
readdir-enhanced/readdir-enhanced_165.js,NOK
readdir-enhanced/readdir-enhanced_44.js,NOK
readdir-enhanced/readdir-enhanced_57.js,NOK
readdir-enhanced/readdir-enhanced_69.js,NOK
readdir-enhanced/readdir-enhanced_84.js,NOK
reconnect-core/reconnect-core_47.js,OK
recursive-readdir/recursive-readdir_1.js,OK
recursive-readdir/recursive-readdir_17.js,OK
recursive-readdir/recursive-readdir_9.js,OK
redis/redis_117.js,NOK
redis-mock/redis-mock_1.js,OK
redux-async-queue/redux-async-queue_4.js,OK
remarkable/remarkable_1.js,NOK
remarkable/remarkable_108.js,NOK
remarkable/remarkable_32.js,NOK
remarkable/remarkable_41.js,NOK
remarkable/remarkable_45.js,NOK
remote-origin-url/remote-origin-url_1.js,NOK
remove-markdown/remove-markdown_1.js,OK
repeat-element/repeat-element_1.js,OK
repeat-string/repeat-string_1.js,OK
replace-ext/replace-ext_1.js,OK
request/request_1.js,NOK
request/request_174.js,NOK
request-ip/request-ip_1.js,OK
requires-port/requires-port_1.js,OK
resemblejs/resemblejs_1.js,NOK
response-time/response-time_1.js,NOK
responselike/responselike_1.js,NOK
rest/rest_1.js,NOK
rest/rest_19.js,NOK
rest/rest_49.js,OK
rest/rest_8.js,NOK
restling/restling_25.js,NOK
restling/restling_42.js,NOK
restling/restling_54.js,NOK
rewire/rewire_1.js,OK
rfc2047/rfc2047_1.js,OK
ripemd160/ripemd160_1.js,NOK
rison/rison_1.js,OK
rmfr/rmfr_1.js,NOK
rmfr/rmfr_6.js,NOK
rmfr/rmfr_9.js,NOK
route-parser/route-parser_1.js,NOK
rsvp/rsvp_1.js,OK
rsync/rsync_1.js,NOK
rtl-detect/rtl-detect_1.js,OK
run-parallel/run-parallel_1.js,OK
rwlock/rwlock_1.js,OK
s3-uploader/s3-uploader_1.js,NOK
safe-compare/safe-compare_1.js,NOK
safe-json-stringify/safe-json-stringify_1.js,OK
safe-json-stringify/safe-json-stringify_34.js,OK
saml2-js/saml2-js_1.js,NOK
sane-email-validation/sane-email-validation_1.js,NOK
sane-email-validation/sane-email-validation_11.js,NOK
sanitize-filename/sanitize-filename_1.js,NOK
sanitize-filename/sanitize-filename_11.js,OK
sanitize-filename/sanitize-filename_17.js,NOK
sanitize-html/sanitize-html_1.js,NOK
sbd/sbd_1.js,NOK
sc-broker/sc-broker_1.js,NOK
scroll-into-view/scroll-into-view_1.js,OK
scryptsy/scryptsy_1.js,NOK
secp256k1/secp256k1_1.js,NOK
secure-password/secure-password_1.js,NOK
seededshuffle/seededshuffle_1.js,OK
seedrandom/seedrandom_43.js,NOK
selenium-standalone/selenium-standalone_56.js,NOK
semaphore/semaphore_15.js,OK
semaphore/semaphore_30.js,OK
semaphore/semaphore_42.js,OK
semver/semver_1.js,NOK
send/send_1.js,NOK
serialize-javascript/serialize-javascript_1.js,NOK
serve-index/serve-index_1.js,NOK
serve-static/serve-static_1.js,NOK
servicenow/servicenow_1.js,NOK
shallowequal/shallowequal_1.js,OK
shapefile/shapefile_1.js,NOK
sharedb/sharedb_14.js,NOK
sharedb/sharedb_6.js,NOK
sharp/sharp_1.js,NOK
shelljs/shelljs_28.js,OK
shelljs-exec-proxy/shelljs-exec-proxy_8.js,NOK
shimmer/shimmer_1.js,OK
shortid/shortid_1.js,NOK
shortid/shortid_13.js,NOK
showdown/showdown_1.js,OK
shuffle-array/shuffle-array_1.js,OK
shuffle-seed/shuffle-seed_1.js,NOK
signal-exit/signal-exit_1.js,OK
simple-cw-node/simple-cw-node_1.js,NOK
simple-cw-node/simple-cw-node_30.js,NOK
simple-oauth2/simple-oauth2_1.js,NOK
simple-peer/simple-peer_91.js,NOK
simple-websocket/simple-websocket_14.js,NOK
simplecrawler/simplecrawler_1.js,NOK
sitemap2/sitemap2_1.js,NOK
slack-node/slack-node_1.js,NOK
slack-node/slack-node_17.js,NOK
slack-node/slack-node_45.js,NOK
slackdown/slackdown_6.js,OK
slocket/slocket_1.js,OK
slug/slug_1.js,NOK
smart-truncate/smart-truncate_4.js,OK
smtpapi/smtpapi_1.js,OK
snoowrap/snoowrap_97.js,NOK
sns-validator/sns-validator_32.js,NOK
socketty/socketty_1.js,NOK
solr-client/solr-client_1.js,NOK
sonic-boom/sonic-boom_1.js,NOK
sort-array/sort-array_1.js,NOK
source-map-support/source-map-support_1.js,NOK
source-map-support/source-map-support_11.js,NOK
source-map-support/source-map-support_16.js,NOK
source-map-support/source-map-support_29.js,NOK
source-map-support/source-map-support_34.js,NOK
sparkpost/sparkpost_1.js,NOK
sparkpost/sparkpost_10.js,NOK
spatialite/spatialite_1.js,NOK
spdx-correct/spdx-correct_1.js,OK
spdx-satisfies/spdx-satisfies_1.js,NOK
speakeasy/speakeasy_43.js,NOK
speakingurl/speakingurl_1.js,OK
speakingurl/speakingurl_132.js,OK
speakingurl/speakingurl_145.js,OK
splunk-logging/splunk-logging_1.js,NOK
splunk-logging/splunk-logging_14.js,NOK
sql.js/sql.js_1.js,NOK
sqlstring/sqlstring_1.js,OK
square-connect/square-connect_1.js,NOK
square-connect/square-connect_17.js,NOK
ssh2-sftp-client/ssh2-sftp-client_1.js,NOK
stack-mapper/stack-mapper_1.js,OK
stale-lru-cache/stale-lru-cache_1.js,OK
standard-error/standard-error_8.js,OK
standard-http-error/standard-http-error_16.js,OK
starwars-names/starwars-names_1.js,OK
statsd-client/statsd-client_1.js,OK
statsd-client/statsd-client_13.js,OK
statuses/statuses_1.js,OK
std-mocks/std-mocks_1.js,OK
steam/steam_1.js,NOK
steam-client/steam-client_1.js,NOK
steam-client/steam-client_16.js,NOK
steam-totp/steam-totp_1.js,NOK
steamid/steamid_33.js,OK
steamid/steamid_37.js,OK
steamid/steamid_41.js,NOK
steamid/steamid_45.js,OK
steamid/steamid_53.js,OK
steamid/steamid_57.js,NOK
steamid/steamid_63.js,NOK
steamid/steamid_72.js,NOK
steed/steed_1.js,OK
steed/steed_135.js,OK
steed/steed_190.js,OK
steed/steed_224.js,OK
steed/steed_258.js,OK
steed/steed_302.js,OK
steed/steed_346.js,OK
steed/steed_68.js,OK
stellar-base/stellar-base_1.js,NOK
stellar-sdk/stellar-sdk_1.js,NOK
stompit/stompit_1.js,NOK
store/store_19.js,OK
strange/strange_1.js,OK
stream-array/stream-array_1.js,OK
stream-array/stream-array_7.js,OK
stream-buffers/stream-buffers_1.js,OK
stream-meter/stream-meter_38.js,OK
stream-to-array/stream-to-array_1.js,OK
stream-to-string/stream-to-string_19.js,OK
string/string_1.js,OK
string/string_18.js,OK
string-similarity/string-similarity_1.js,NOK
stripe/stripe_26.js,OK
stripe/stripe_40.js,NOK
strong-log-transformer/strong-log-transformer_1.js,NOK
subtitle/subtitle_11.js,OK
subtitle/subtitle_6.js,NOK
suncalc/suncalc_1.js,OK
superagent/superagent_1.js,NOK
svg-path-parser/svg-path-parser_1.js,NOK
svg2png/svg2png_1.js,NOK
sw-precache-webpack-plugin/sw-precache-webpack-plugin_1.js,NOK
swagger-parser/swagger-parser_20.js,NOK
swiftclick/swiftclick_1.js,OK
swig-email-templates/swig-email-templates_24.js,NOK
swig-email-templates/swig-email-templates_55.js,NOK
synaptic/synaptic_1.js,OK
systeminformation/systeminformation_1.js,NOK
systeminformation/systeminformation_22.js,NOK
systeminformation/systeminformation_37.js,NOK
systeminformation/systeminformation_9.js,NOK
tableau/tableau_1.js,OK
tableify/tableify_1.js,OK
temp/temp_105.js,OK
temp/temp_30.js,OK
temp/temp_73.js,OK
tesseract.js/tesseract.js_1.js,NOK
test-console/test-console_9.js,OK
testingbot-api/testingbot-api_1.js,NOK
textract/textract_1.js,NOK
textversionjs/textversionjs_1.js,NOK
then-eos/then-eos_1.js,OK
theo/theo_1.js,NOK
theo/theo_67.js,NOK
theo/theo_83.js,NOK
timer-machine/timer-machine_1.js,OK
timer-machine/timer-machine_13.js,OK
tldjs/tldjs_1.js,NOK
tldjs/tldjs_12.js,OK
tldjs/tldjs_45.js,OK
tmp/tmp_1.js,NOK
tmp/tmp_101.js,NOK
tmp/tmp_110.js,NOK
tmp/tmp_116.js,NOK
tmp/tmp_125.js,NOK
tmp/tmp_131.js,NOK
tmp/tmp_142.js,NOK
tmp/tmp_148.js,NOK
tmp/tmp_16.js,NOK
tmp/tmp_28.js,NOK
tmp/tmp_40.js,NOK
tmp/tmp_48.js,NOK
tmp/tmp_57.js,NOK
tmp/tmp_63.js,NOK
tmp/tmp_73.js,NOK
tmp/tmp_80.js,NOK
tmp/tmp_89.js,NOK
tokgen/tokgen_1.js,NOK
tokgen/tokgen_12.js,NOK
tokgen/tokgen_23.js,NOK
toobusy-js/toobusy-js_32.js,OK
topo/topo_1.js,NOK
toposort/toposort_1.js,OK
torrent-search-api/torrent-search-api_145.js,NOK
touch/touch_1.js,NOK
travis-fold/travis-fold_1.js,OK
treeify/treeify_1.js,OK
ts3-nodejs-library/ts3-nodejs-library_1.js,NOK
turndown/turndown_1.js,NOK
tv4/tv4_26.js,OK
twig/twig_11.js,OK
twilio-video/twilio-video_1.js,NOK
twilio-video/twilio-video_7.js,NOK
twitter/twitter_1.js,NOK
twitter/twitter_18.js,NOK
type-check/type-check_1.js,OK
type-detect/type-detect_1.js,OK
type-is/type-is_1.js,OK
typedarray-pool/typedarray-pool_1.js,OK
typedarray-pool/typedarray-pool_12.js,OK
typeof/typeof_1.js,OK
typpy/typpy_1.js,OK
tz-offset/tz-offset_1.js,NOK
uglify-js/uglify-js_41.js,NOK
uid-safe/uid-safe_1.js,NOK
umzug/umzug_91.js,NOK
unc-path-regex/unc-path-regex_1.js,OK
undertaker/undertaker_1.js,OK
undertaker/undertaker_30.js,OK
uniq/uniq_1.js,OK
unique-push-id/unique-push-id_1.js,NOK
unorm/unorm_4.js,NOK
uri-templates/uri-templates_1.js,NOK
urijs/urijs_52.js,NOK
url-metadata/url-metadata_1.js,NOK
url-parse/url-parse_1.js,OK
url-parse/url-parse_15.js,OK
url-parse/url-parse_9.js,OK
url-search-params/url-search-params_1.js,NOK
url-template/url-template_1.js,OK
urlparser/urlparser_1.js,NOK
useragent/useragent_1.js,OK
useragent/useragent_4.js,NOK
utf8/utf8_1.js,OK
util.promisify/util.promisify_1.js,OK
util.promisify/util.promisify_5.js,OK
utm/utm_1.js,OK
uuid/uuid_1.js,NOK
uuid/uuid_23.js,NOK
uuid/uuid_28.js,NOK
uuid/uuid_6.js,NOK
uuidv4/uuidv4_1.js,NOK
v8flags/v8flags_1.js,NOK
validator/validator_1.js,OK
validatorjs/validatorjs_1.js,NOK
varint/varint_1.js,OK
vary/vary_1.js,OK
vary/vary_12.js,OK
venn/venn_1.js,OK
victor/victor_1.js,OK
vinyl/vinyl_1.js,NOK
vinyl/vinyl_105.js,NOK
vinyl/vinyl_11.js,NOK
vinyl/vinyl_82.js,NOK
vinyl/vinyl_91.js,NOK
virtual-dom/virtual-dom_37.js,OK
virtual-dom/virtual-dom_51.js,OK
voca/voca_11.js,OK
voca/voca_6.js,OK
voronoi-diagram/voronoi-diagram_1.js,OK
wampy/wampy_96.js,NOK
web-push/web-push_1.js,NOK
webpack-bundle-analyzer/webpack-bundle-analyzer_1.js,NOK
webpack-chunk-hash/webpack-chunk-hash_1.js,NOK
webpack-fail-plugin/webpack-fail-plugin_1.js,OK
webpack-manifest-plugin/webpack-manifest-plugin_1.js,NOK
webpack-node-externals/webpack-node-externals_39.js,OK
webpack-validator/webpack-validator_20.js,NOK
webpack-validator/webpack-validator_25.js,NOK
webpack-validator/webpack-validator_30.js,NOK
webpagetest/webpagetest_1.js,NOK
webpagetest/webpagetest_140.js,NOK
webprogbase-console-view/webprogbase-console-view_1.js,NOK
webprogbase-console-view/webprogbase-console-view_61.js,NOK
websocket/websocket_1.js,NOK
websocket/websocket_62.js,NOK
websocket/websocket_98.js,NOK
websql/websql_1.js,NOK
week/week_1.js,OK
wellknown/wellknown_1.js,OK
whatwg-mimetype/whatwg-mimetype_1.js,NOK
which-pm/which-pm_1.js,NOK
whitelist-object/whitelist-object_1.js,OK
wikidata-sdk/wikidata-sdk_1.js,NOK
window-size/window-size_1.js,OK
window-size/window-size_30.js,OK
window-size/window-size_4.js,OK
windows-1251/windows-1251_1.js,OK
wink-tokenizer/wink-tokenizer_1.js,NOK
winreg/winreg_1.js,OK
word-wrap/word-wrap_1.js,OK
workerpool/workerpool_1.js,OK
workerpool/workerpool_40.js,NOK
workerpool/workerpool_7.js,NOK
workerpool/workerpool_89.js,NOK
write-file-atomically/write-file-atomically_1.js,NOK
write-file-atomically/write-file-atomically_10.js,NOK
xml2js/xml2js_1.js,NOK
xml2js/xml2js_12.js,NOK
xml2js/xml2js_24.js,NOK
xml2js/xml2js_32.js,NOK
xml2js/xml2js_92.js,NOK
xmldoc/xmldoc_1.js,NOK
xmlrpc/xmlrpc_69.js,OK
xregexp/xregexp_147.js,NOK
xtend/xtend_1.js,OK
yallist/yallist_1.js,NOK
yargs/yargs_1.js,NOK
yargs-interactive/yargs-interactive_1.js,NOK
yargs-interactive/yargs-interactive_24.js,NOK
yargs-interactive/yargs-interactive_64.js,NOK
yargs-interactive/yargs-interactive_92.js,NOK
yargs-parser/yargs-parser_1.js,NOK
yargs-parser/yargs-parser_9.js,NOK
yayson/yayson_1.js,NOK
yeoman-assert/yeoman-assert_1.js,NOK
yog-log/yog-log_1.js,NOK
yosay/yosay_1.js,NOK
yup/yup_11.js,NOK
yup/yup_69.js,NOK
yup/yup_69.js,NOK
